<?xml version="1.0" encoding="UTF-8"?>
<testsuite xmlns:xsi="http://www.w3.org/2001/XMLSchema-instance" xsi:noNamespaceSchemaLocation="https://maven.apache.org/surefire/maven-surefire-plugin/xsd/surefire-test-report.xsd" name="hu.unideb.inf.beadando.teszt.JatekVezerloTest" time="3.375" tests="11" errors="0" skipped="0" failures="0">
  <properties>
[...]
</properties>
  <testcase name="beállítJátékosNévTeszt" classname="hu.unideb.inf.beadando.teszt.JatekVezerloTest" time="0.532"/>
  <testcase name="lekérTáblaVezérlőTeszt" classname="hu.unideb.inf.beadando.teszt.JatekVezerloTest" time="0"/>
  <testcase name="lekérElteltIdőTeszt" classname="hu.unideb.inf.beadando.teszt.JatekVezerloTest" time="2.297"/>
  <testcase name="setBetöltTeszt" classname="hu.unideb.inf.beadando.teszt.JatekVezerloTest" time="0.063"/>
  <testcase name="indítHiányTeszt" classname="hu.unideb.inf.beadando.teszt.JatekVezerloTest" time="0"/>
  <testcase name="indítÉsInicializálásTeszt" classname="hu.unideb.inf.beadando.teszt.JatekVezerloTest" time="0"/>
  <testcase name="létrehozJátékTáblaNegatívMérettelTeszt" classname="hu.unideb.inf.beadando.teszt.JatekVezerloTest" time="0"/>
  <testcase name="befejezTeszt" classname="hu.unideb.inf.beadando.teszt.JatekVezerloTest" time="0"/>
  <testcase name="feladTeszt" classname="hu.unideb.inf.beadando.teszt.JatekVezerloTest" time="0.234"/>
  <testcase name="létrehozJátékTáblaHibásPozitívMérettelTeszt" classname="hu.unideb.inf.beadando.teszt.JatekVezerloTest" time="0"/>
  <testcase name="lérehozJátékTáblaHelyesMérettelTeszt" classname="hu.unideb.inf.beadando.teszt.JatekVezerloTest" time="0.031"/>
</testsuite>